    [35;40;7m[Python: Rank-id:1 cuda-id:1][0m init_communicators start
48 == 2 * 6
T4 Node1. MappingID:37
                                                                 rankid:1,mapping id:37,group :[38, 40, 37, 27, 57, 55, 58, 53, 48, 47, 0, 51, 50, 43],group size:14
_PIPELINE_PARALLEL_RANK: 2
Initialize NCCLCommunicator: < pipeline_group_2 >; rank: 2
Gather_id:2,mapping id:37,group :[38, 40, 37, 27],Gather group size:4
Initialize NCCLCommunicator: < pipeline_gather_group_5 >; rank: 2
Data Parallel id:8,mapping id:37,group :[66, 71, 69, 70, 67, 68, 38, 40, 37, 36, 39, 41],DATA group size:12
Initialize NCCLCommunicator: < data_group_5 >; rank: 8
    [35;40;7m[Python: Rank-id:1 cuda-id:1][0m init_communicators finished
> building BertWordPieceLowerCase tokenizer ...
 > padded vocab (size: 28998) with 58 dummy tokens (new size: 29056)
Gather token vocab size: 28998
 > building QQP dataset for training:
  > paths: ./task_datasets/data/QQP/train.tsv
 > Processing ./task_datasets/data/QQP/train.tsv ...
    reading uid, text1, text2, and label columns ...
  > processed 50000 so far ...
  > processed 100000 so far ...
  > processed 150000 so far ...
  > processed 200000 so far ...
  > processed 250000 so far ...
  > processed 300000 so far ...
  > processed 350000 so far ...
 >> processed 363846 samples.
  >> total number of samples: 363846
<torch.utils.data.dataloader.DataLoader object at 0x7f5e472d3f70>
Running  gpipe  with data parallel.(args.profiling=tidy_profiling)
args, vocab_size:28998, num_classes:2, device:cuda:1, use_dp:True
=======Initialize Gpipe.
=======Gpipe use FP16
global_rank: 1, pipeline_group_size: 14, pp_rank: 2, pre_node_rank: 1, post_node_rank: 3, comm_size: 14, comm: <comm.nccl_backend.NCCLCommunicator object at 0x7f5e35fdb280>, gather_comm: <comm.nccl_backend.NCCLCommunicator object at 0x7f5e35fdb1f0>, scatter_comm: None, device_gpu: 0
=======Gradient accumulate step:  2
=======Current micro-batch send/recv size: 8 MB (fp16)
=======Number of micro-batches: 48.
self.globalID: 1.  completed First model load
fp16 uses ConstantGradScaler.
Data parallel implementation:  central_ps
Total number of parameters: 365731840, element size: 2, total size 697 MB.
Flattened parameter number: 365731840, element size: 2.
Flattened parameter grad number: 365731840, element size: 2.
tidy_profiling
-----------T4:----------global ID:1
        [34;40;7m[Python: Rank-id:1 cuda-id:1][0m Pipeline_rank() == 0
Rank 1 node forward pass 0/2 takes 43.60s
Rank 1 node backward pass 0/2 takes 47.82s
Rank 1 node forward pass 1/2 takes 32.84s
Rank 1 node backward pass 1/2 takes 68.87s
cent-param-tb: 0.002099275588989258
cpu cpu cuda:1
!!! Warning: find inf in fp16 optimizer-step() !!!
dp_optim_spend_time: 1.9402661323547363
                                                    Rank 1 node optimizer step takes 25.18s
                                                    Rank 1 node torch_synchronize_time step takes 0.00s
                                                    Rank 1 node barrier_time step takes 29.47s
                                                    Rank 1 node optimizer step ALL(1+2+3) takes 54.65s
                                                    Rank 1 node whole iteration takes 247.78s
-------------------------------------------
Rank 1 node forward pass 0/2 takes 40.65s
Rank 1 node backward pass 0/2 takes 64.66s
Rank 1 node forward pass 1/2 takes 27.07s
Rank 1 node backward pass 1/2 takes 61.96s
cent-param-tb: 0.00022840499877929688
cpu cpu cuda:1
!!! Warning: find inf in fp16 optimizer-step() !!!
dp_optim_spend_time: 1.9085519313812256
                                                    Rank 1 node optimizer step takes 27.54s
                                                    Rank 1 node torch_synchronize_time step takes 0.00s
                                                    Rank 1 node barrier_time step takes 25.19s
                                                    Rank 1 node optimizer step ALL(1+2+3) takes 52.73s
                                                    Rank 1 node whole iteration takes 247.07s
-------------------------------------------
Rank 1 node forward pass 0/2 takes 47.24s
Rank 1 node backward pass 0/2 takes 62.99s
Rank 1 node forward pass 1/2 takes 16.33s
Rank 1 node backward pass 1/2 takes 68.77s
cent-param-tb: 0.00021791458129882812
cpu cpu cuda:1
!!! Warning: find inf in fp16 optimizer-step() !!!
dp_optim_spend_time: 1.9118046760559082
                                                    Rank 1 node optimizer step takes 26.89s
                                                    Rank 1 node torch_synchronize_time step takes 0.00s
                                                    Rank 1 node barrier_time step takes 25.71s
                                                    Rank 1 node optimizer step ALL(1+2+3) takes 52.60s
                                                    Rank 1 node whole iteration takes 247.92s
-------------------------------------------
Rank 1 node forward pass 0/2 takes 47.73s
Rank 1 node backward pass 0/2 takes 60.93s
Rank 1 node forward pass 1/2 takes 16.43s
Rank 1 node backward pass 1/2 takes 61.59s
cent-param-tb: 0.00022649765014648438
cpu cpu cuda:1
!!! Warning: find inf in fp16 optimizer-step() !!!
dp_optim_spend_time: 1.9387032985687256
                                                    Rank 1 node optimizer step takes 33.75s
                                                    Rank 1 node torch_synchronize_time step takes 0.00s
                                                    Rank 1 node barrier_time step takes 26.08s
                                                    Rank 1 node optimizer step ALL(1+2+3) takes 59.83s
                                                    Rank 1 node whole iteration takes 246.51s
-------------------------------------------
Rank 1 node forward pass 0/2 takes 29.67s
Rank 1 node backward pass 0/2 takes 84.50s
Rank 1 node forward pass 1/2 takes 25.96s
Rank 1 node backward pass 1/2 takes 58.88s
cent-param-tb: 0.0038170814514160156
cpu cpu cuda:1
!!! Warning: find inf in fp16 optimizer-step() !!!
dp_optim_spend_time: 1.906198263168335
                                                    Rank 1 node optimizer step takes 15.88s
                                                    Rank 1 node torch_synchronize_time step takes 0.00s
                                                    Rank 1 node barrier_time step takes 23.84s
                                                    Rank 1 node optimizer step ALL(1+2+3) takes 39.72s
                                                    Rank 1 node whole iteration takes 238.73s
-------------------------------------------
Finished running  5  iterations, averaged (exclude the first iter) run time: 245.0576427578926
----------------------------------------------------------------------------------------time_spend： 1236.815491437912 secend
