    [35;40;7m[Python: Rank-id:1 cuda-id:1][0m init_communicators start
48 == 2 * 6
T4 Node1. MappingID:37
                                                                 rankid:1,mapping id:37,group :[38, 40, 37, 27, 57, 55, 58, 53, 48, 47, 0, 51, 50, 43],group size:14
_PIPELINE_PARALLEL_RANK: 2
Initialize NCCLCommunicator: < pipeline_group_2 >; rank: 2
Gather_id:2,mapping id:37,group :[38, 40, 37, 27],Gather group size:4
Initialize NCCLCommunicator: < pipeline_gather_group_5 >; rank: 2
Data Parallel id:8,mapping id:37,group :[66, 71, 69, 70, 67, 68, 38, 40, 37, 36, 39, 41],DATA group size:12
Initialize NCCLCommunicator: < data_group_5 >; rank: 8
    [35;40;7m[Python: Rank-id:1 cuda-id:1][0m init_communicators finished
> building BertWordPieceLowerCase tokenizer ...
 > padded vocab (size: 28998) with 58 dummy tokens (new size: 29056)
Gather token vocab size: 28998
 > building QQP dataset for training:
  > paths: ./task_datasets/data/QQP/train.tsv
 > Processing ./task_datasets/data/QQP/train.tsv ...
    reading uid, text1, text2, and label columns ...
  > processed 50000 so far ...
  > processed 100000 so far ...
  > processed 150000 so far ...
  > processed 200000 so far ...
  > processed 250000 so far ...
  > processed 300000 so far ...
  > processed 350000 so far ...
 >> processed 363846 samples.
  >> total number of samples: 363846
<torch.utils.data.dataloader.DataLoader object at 0x7fbd193a3f70>
Running  gpipe  with data parallel.(args.profiling=tidy_profiling)
args, vocab_size:28998, num_classes:2, device:cuda:1, use_dp:True
=======Initialize Gpipe.
=======Gpipe use FP16
global_rank: 1, pipeline_group_size: 14, pp_rank: 2, pre_node_rank: 1, post_node_rank: 3, comm_size: 14, comm: <comm.nccl_backend.NCCLCommunicator object at 0x7fbd080ab280>, gather_comm: <comm.nccl_backend.NCCLCommunicator object at 0x7fbd080ab1f0>, scatter_comm: None, device_gpu: 0
=======Gradient accumulate step:  2
=======Current micro-batch send/recv size: 8 MB (fp16)
=======Number of micro-batches: 32.
self.globalID: 1.  completed First model load
fp16 uses ConstantGradScaler.
Data parallel implementation:  central_ps
Total number of parameters: 466448384, element size: 2, total size 889 MB.
Flattened parameter number: 466448384, element size: 2.
Flattened parameter grad number: 466448384, element size: 2.
tidy_profiling
-----------T4:----------global ID:1
        [34;40;7m[Python: Rank-id:1 cuda-id:1][0m Pipeline_rank() == 0
Rank 1 node forward pass 0/2 takes 30.11s
Rank 1 node backward pass 0/2 takes 39.19s
Rank 1 node forward pass 1/2 takes 18.41s
Rank 1 node backward pass 1/2 takes 52.79s
cent-param-tb: 0.0006246566772460938
cpu cpu cuda:1
!!! Warning: find inf in fp16 optimizer-step() !!!
dp_optim_spend_time: 2.017883062362671
                                                    Rank 1 node optimizer step takes 20.21s
                                                    Rank 1 node torch_synchronize_time step takes 0.00s
                                                    Rank 1 node barrier_time step takes 40.10s
                                                    Rank 1 node optimizer step ALL(1+2+3) takes 60.31s
                                                    Rank 1 node whole iteration takes 200.80s
-------------------------------------------
Rank 1 node forward pass 0/2 takes 24.89s
Rank 1 node backward pass 0/2 takes 51.00s
Rank 1 node forward pass 1/2 takes 14.04s
Rank 1 node backward pass 1/2 takes 54.41s
cent-param-tb: 0.00022554397583007812
cpu cpu cuda:1
!!! Warning: find inf in fp16 optimizer-step() !!!
dp_optim_spend_time: 2.1082656383514404
                                                    Rank 1 node optimizer step takes 20.69s
                                                    Rank 1 node torch_synchronize_time step takes 0.00s
                                                    Rank 1 node barrier_time step takes 28.14s
                                                    Rank 1 node optimizer step ALL(1+2+3) takes 48.83s
                                                    Rank 1 node whole iteration takes 193.17s
-------------------------------------------
Rank 1 node forward pass 0/2 takes 25.27s
Rank 1 node backward pass 0/2 takes 44.44s
Rank 1 node forward pass 1/2 takes 25.02s
Rank 1 node backward pass 1/2 takes 38.58s
cent-param-tb: 0.0002281665802001953
cpu cpu cuda:1
!!! Warning: find inf in fp16 optimizer-step() !!!
dp_optim_spend_time: 2.051470994949341
                                                    Rank 1 node optimizer step takes 23.58s
                                                    Rank 1 node torch_synchronize_time step takes 0.00s
                                                    Rank 1 node barrier_time step takes 30.56s
                                                    Rank 1 node optimizer step ALL(1+2+3) takes 54.14s
                                                    Rank 1 node whole iteration takes 187.44s
-------------------------------------------
Rank 1 node forward pass 0/2 takes 16.75s
Rank 1 node backward pass 0/2 takes 48.24s
Rank 1 node forward pass 1/2 takes 16.99s
Rank 1 node backward pass 1/2 takes 59.86s
cent-param-tb: 0.0002315044403076172
cpu cpu cuda:1
!!! Warning: find inf in fp16 optimizer-step() !!!
dp_optim_spend_time: 2.043508529663086
                                                    Rank 1 node optimizer step takes 24.73s
                                                    Rank 1 node torch_synchronize_time step takes 0.00s
                                                    Rank 1 node barrier_time step takes 35.30s
                                                    Rank 1 node optimizer step ALL(1+2+3) takes 60.03s
                                                    Rank 1 node whole iteration takes 201.86s
-------------------------------------------
Rank 1 node forward pass 0/2 takes 26.64s
Rank 1 node backward pass 0/2 takes 44.74s
Rank 1 node forward pass 1/2 takes 30.53s
Rank 1 node backward pass 1/2 takes 37.40s
cent-param-tb: 0.00019216537475585938
cpu cpu cuda:1
!!! Warning: find inf in fp16 optimizer-step() !!!
dp_optim_spend_time: 2.0164170265197754
                                                    Rank 1 node optimizer step takes 20.53s
                                                    Rank 1 node torch_synchronize_time step takes 0.00s
                                                    Rank 1 node barrier_time step takes 30.02s
                                                    Rank 1 node optimizer step ALL(1+2+3) takes 50.56s
                                                    Rank 1 node whole iteration takes 189.86s
-------------------------------------------
Finished running  5  iterations, averaged (exclude the first iter) run time: 193.08430856466293
----------------------------------------------------------------------------------------time_spend： 984.9806797504425 secend
